[2018-11-29 09:20:53.119] [INFO] [product1] [WelcomeLogoApplicationListener.java:53] 

  ████████▄  ███    █▄  ▀█████████▄  ▀█████████▄   ▄██████▄  
  ███   ▀███ ███    ███   ███    ███   ███    ███ ███    ███ 
  ███    ███ ███    ███   ███    ███   ███    ███ ███    ███ 
  ███    ███ ███    ███  ▄███▄▄▄██▀   ▄███▄▄▄██▀  ███    ███ 
  ███    ███ ███    ███ ▀▀███▀▀▀██▄  ▀▀███▀▀▀██▄  ███    ███ 
  ███    ███ ███    ███   ███    ██▄   ███    ██▄ ███    ███ 
  ███   ▄███ ███    ███   ███    ███   ███    ███ ███    ███ 
  ████████▀  ████████▀  ▄█████████▀  ▄█████████▀   ▀██████▀  
                                                             

 :: Dubbo Spring Boot (v0.1.0) : https://github.com/dubbo/dubbo-spring-boot-project
 :: Dubbo (v2.0.1) : https://github.com/alibaba/dubbo
 :: Google group : http://groups.google.com/group/dubbo

[2018-11-29 09:20:53.136] [INFO] [product1] [OverrideDubboConfigApplicationListener.java:67] Dubbo Config was overridden by externalized configuration {dubbo.application.name=Product1Application, dubbo.registry.address=zookeeper://39.106.211.119:2181, dubbo.scan.base-packages=lyx.service.*}
[2018-11-29 09:20:53.298] [INFO] [product1] [StartupInfoLogger.java:50] Starting Product1Application on luoyongxiang with PID 1200 (F:\product1\target\classes started by luoyongxiang in F:\product1)
[2018-11-29 09:20:53.300] [INFO] [product1] [SpringApplication.java:675] No active profile set, falling back to default profiles: default
[2018-11-29 09:20:53.835] [INFO] [product1] [DubboConfigBindingRegistrar.java:122] The dubbo config bean definition [name : com.alibaba.dubbo.config.ApplicationConfig#0, class : com.alibaba.dubbo.config.ApplicationConfig] has been registered.
[2018-11-29 09:20:53.836] [INFO] [product1] [DubboConfigBindingRegistrar.java:144] The BeanPostProcessor bean definition [com.alibaba.dubbo.config.spring.beans.factory.annotation.DubboConfigBindingBeanPostProcessor] for dubbo config bean [name : com.alibaba.dubbo.config.ApplicationConfig#0] has been registered.
[2018-11-29 09:20:53.837] [INFO] [product1] [DubboConfigBindingRegistrar.java:122] The dubbo config bean definition [name : com.alibaba.dubbo.config.RegistryConfig#0, class : com.alibaba.dubbo.config.RegistryConfig] has been registered.
[2018-11-29 09:20:53.837] [INFO] [product1] [DubboConfigBindingRegistrar.java:144] The BeanPostProcessor bean definition [com.alibaba.dubbo.config.spring.beans.factory.annotation.DubboConfigBindingBeanPostProcessor] for dubbo config bean [name : com.alibaba.dubbo.config.RegistryConfig#0] has been registered.
[2018-11-29 09:20:53.973] [INFO] [product1] [RepositoryConfigurationDelegate.java:244] Multiple Spring Data modules found, entering strict repository configuration mode!
[2018-11-29 09:20:53.975] [INFO] [product1] [RepositoryConfigurationDelegate.java:126] Bootstrapping Spring Data repositories in DEFAULT mode.
[2018-11-29 09:20:53.996] [INFO] [product1] [RepositoryConfigurationDelegate.java:182] Finished Spring Data repository scanning in 13ms. Found 0 repository interfaces.
[2018-11-29 09:20:54.219] [INFO] [product1] [PostProcessorRegistrationDelegate.java:330] Bean 'org.springframework.transaction.annotation.ProxyTransactionManagementConfiguration' of type [org.springframework.transaction.annotation.ProxyTransactionManagementConfiguration$$EnhancerBySpringCGLIB$$c86ff35a] is not eligible for getting processed by all BeanPostProcessors (for example: not eligible for auto-proxying)
[2018-11-29 09:20:54.575] [INFO] [product1] [TomcatWebServer.java:90] Tomcat initialized with port(s): 8881 (http)
[2018-11-29 09:20:54.583] [INFO] [product1] [DirectJDKLog.java:173] Initializing ProtocolHandler ["http-nio-8881"]
[2018-11-29 09:20:54.586] [INFO] [product1] [DirectJDKLog.java:173] Starting service [Tomcat]
[2018-11-29 09:20:54.586] [INFO] [product1] [DirectJDKLog.java:173] Starting Servlet Engine: Apache Tomcat/9.0.12
[2018-11-29 09:20:54.591] [INFO] [product1] [DirectJDKLog.java:173] The APR based Apache Tomcat Native library which allows optimal performance in production environments was not found on the java.library.path: [C:\Program Files\Java\jdk1.8.0_191\bin;C:\windows\Sun\Java\bin;C:\windows\system32;C:\windows;C:\Program Files (x86)\Common Files\Oracle\Java\javapath;C:\windows\system32;C:\windows;C:\windows\System32\Wbem;C:\windows\System32\WindowsPowerShell\v1.0\;C:\Program Files\Java\jdk1.8.0_191\bin;C:\Program Files\Java\jdk1.8.0_191\jre\bin;E:\Git\Git\cmd;.]
[2018-11-29 09:20:54.667] [INFO] [product1] [DirectJDKLog.java:173] Initializing Spring embedded WebApplicationContext
[2018-11-29 09:20:54.667] [INFO] [product1] [ServletWebServerApplicationContext.java:285] Root WebApplicationContext: initialization completed in 1284 ms
[2018-11-29 09:20:54.727] [INFO] [product1] [ServletRegistrationBean.java:186] Servlet dispatcherServlet mapped to [/]
[2018-11-29 09:20:54.730] [INFO] [product1] [AbstractFilterRegistrationBean.java:248] Mapping filter: 'characterEncodingFilter' to: [/*]
[2018-11-29 09:20:54.731] [INFO] [product1] [AbstractFilterRegistrationBean.java:248] Mapping filter: 'hiddenHttpMethodFilter' to: [/*]
[2018-11-29 09:20:54.731] [INFO] [product1] [AbstractFilterRegistrationBean.java:248] Mapping filter: 'formContentFilter' to: [/*]
[2018-11-29 09:20:54.731] [INFO] [product1] [AbstractFilterRegistrationBean.java:248] Mapping filter: 'requestContextFilter' to: [/*]
[2018-11-29 09:20:55.130] [INFO] [product1] [DubboConfigBindingBeanPostProcessor.java:73] The properties of bean [name : com.alibaba.dubbo.config.ApplicationConfig#0] have been binding by values : [bean property 'name']
[2018-11-29 09:20:55.133] [INFO] [product1] [DubboConfigBindingBeanPostProcessor.java:73] The properties of bean [name : com.alibaba.dubbo.config.RegistryConfig#0] have been binding by values : [bean property 'address']
[2018-11-29 09:20:55.369] [INFO] [product1] [ExecutorConfigurationSupport.java:171] Initializing ExecutorService 'applicationTaskExecutor'
[2018-11-29 09:20:55.482] [INFO] [product1] [WelcomePageHandlerMapping.java:56] Adding welcome page: class path resource [static/index.html]
[2018-11-29 09:20:55.713] [WARN] [product1] [RedisStarterDeprecationWarningAutoConfiguration.java:43] spring-boot-starter-redis is deprecated as of Spring Boot 1.4, please migrate to spring-boot-starter-data-redis
[2018-11-29 09:20:55.962] [INFO] [product1] [Environment.java:100] Client environment:zookeeper.version=3.4.9-1757313, built on 08/23/2016 06:50 GMT
[2018-11-29 09:20:55.963] [INFO] [product1] [Environment.java:100] Client environment:host.name=luoyongxiang.gome.inc
[2018-11-29 09:20:55.963] [INFO] [product1] [Environment.java:100] Client environment:java.version=1.8.0_191
[2018-11-29 09:20:55.963] [INFO] [product1] [Environment.java:100] Client environment:java.vendor=Oracle Corporation
[2018-11-29 09:20:55.963] [INFO] [product1] [Environment.java:100] Client environment:java.home=C:\Program Files\Java\jdk1.8.0_191\jre
[2018-11-29 09:20:55.963] [INFO] [product1] [Environment.java:100] Client environment:java.class.path=C:\Program Files\Java\jdk1.8.0_191\jre\lib\charsets.jar;C:\Program Files\Java\jdk1.8.0_191\jre\lib\deploy.jar;C:\Program Files\Java\jdk1.8.0_191\jre\lib\ext\access-bridge-64.jar;C:\Program Files\Java\jdk1.8.0_191\jre\lib\ext\cldrdata.jar;C:\Program Files\Java\jdk1.8.0_191\jre\lib\ext\dnsns.jar;C:\Program Files\Java\jdk1.8.0_191\jre\lib\ext\jaccess.jar;C:\Program Files\Java\jdk1.8.0_191\jre\lib\ext\jfxrt.jar;C:\Program Files\Java\jdk1.8.0_191\jre\lib\ext\localedata.jar;C:\Program Files\Java\jdk1.8.0_191\jre\lib\ext\nashorn.jar;C:\Program Files\Java\jdk1.8.0_191\jre\lib\ext\sunec.jar;C:\Program Files\Java\jdk1.8.0_191\jre\lib\ext\sunjce_provider.jar;C:\Program Files\Java\jdk1.8.0_191\jre\lib\ext\sunmscapi.jar;C:\Program Files\Java\jdk1.8.0_191\jre\lib\ext\sunpkcs11.jar;C:\Program Files\Java\jdk1.8.0_191\jre\lib\ext\zipfs.jar;C:\Program Files\Java\jdk1.8.0_191\jre\lib\javaws.jar;C:\Program Files\Java\jdk1.8.0_191\jre\lib\jce.jar;C:\Program Files\Java\jdk1.8.0_191\jre\lib\jfr.jar;C:\Program Files\Java\jdk1.8.0_191\jre\lib\jfxswt.jar;C:\Program Files\Java\jdk1.8.0_191\jre\lib\jsse.jar;C:\Program Files\Java\jdk1.8.0_191\jre\lib\management-agent.jar;C:\Program Files\Java\jdk1.8.0_191\jre\lib\plugin.jar;C:\Program Files\Java\jdk1.8.0_191\jre\lib\resources.jar;C:\Program Files\Java\jdk1.8.0_191\jre\lib\rt.jar;F:\product1\target\classes;C:\Users\Dell\.m2\repository\org\springframework\boot\spring-boot-starter-web\2.1.0.RELEASE\spring-boot-starter-web-2.1.0.RELEASE.jar;C:\Users\Dell\.m2\repository\org\springframework\boot\spring-boot-starter\2.1.0.RELEASE\spring-boot-starter-2.1.0.RELEASE.jar;C:\Users\Dell\.m2\repository\org\springframework\boot\spring-boot\2.1.0.RELEASE\spring-boot-2.1.0.RELEASE.jar;C:\Users\Dell\.m2\repository\org\springframework\boot\spring-boot-autoconfigure\2.1.0.RELEASE\spring-boot-autoconfigure-2.1.0.RELEASE.jar;C:\Users\Dell\.m2\repository\org\springframework\boot\spring-boot-starter-logging\2.1.0.RELEASE\spring-boot-starter-logging-2.1.0.RELEASE.jar;C:\Users\Dell\.m2\repository\ch\qos\logback\logback-classic\1.2.3\logback-classic-1.2.3.jar;C:\Users\Dell\.m2\repository\ch\qos\logback\logback-core\1.2.3\logback-core-1.2.3.jar;C:\Users\Dell\.m2\repository\org\apache\logging\log4j\log4j-to-slf4j\2.11.1\log4j-to-slf4j-2.11.1.jar;C:\Users\Dell\.m2\repository\org\apache\logging\log4j\log4j-api\2.11.1\log4j-api-2.11.1.jar;C:\Users\Dell\.m2\repository\org\slf4j\jul-to-slf4j\1.7.25\jul-to-slf4j-1.7.25.jar;C:\Users\Dell\.m2\repository\javax\annotation\javax.annotation-api\1.3.2\javax.annotation-api-1.3.2.jar;C:\Users\Dell\.m2\repository\org\yaml\snakeyaml\1.23\snakeyaml-1.23.jar;C:\Users\Dell\.m2\repository\org\springframework\boot\spring-boot-starter-json\2.1.0.RELEASE\spring-boot-starter-json-2.1.0.RELEASE.jar;C:\Users\Dell\.m2\repository\com\fasterxml\jackson\core\jackson-databind\2.9.7\jackson-databind-2.9.7.jar;C:\Users\Dell\.m2\repository\com\fasterxml\jackson\core\jackson-annotations\2.9.0\jackson-annotations-2.9.0.jar;C:\Users\Dell\.m2\repository\com\fasterxml\jackson\core\jackson-core\2.9.7\jackson-core-2.9.7.jar;C:\Users\Dell\.m2\repository\com\fasterxml\jackson\datatype\jackson-datatype-jdk8\2.9.7\jackson-datatype-jdk8-2.9.7.jar;C:\Users\Dell\.m2\repository\com\fasterxml\jackson\datatype\jackson-datatype-jsr310\2.9.7\jackson-datatype-jsr310-2.9.7.jar;C:\Users\Dell\.m2\repository\com\fasterxml\jackson\module\jackson-module-parameter-names\2.9.7\jackson-module-parameter-names-2.9.7.jar;C:\Users\Dell\.m2\repository\org\springframework\boot\spring-boot-starter-tomcat\2.1.0.RELEASE\spring-boot-starter-tomcat-2.1.0.RELEASE.jar;C:\Users\Dell\.m2\repository\org\apache\tomcat\embed\tomcat-embed-core\9.0.12\tomcat-embed-core-9.0.12.jar;C:\Users\Dell\.m2\repository\org\apache\tomcat\embed\tomcat-embed-el\9.0.12\tomcat-embed-el-9.0.12.jar;C:\Users\Dell\.m2\repository\org\apache\tomcat\embed\tomcat-embed-websocket\9.0.12\tomcat-embed-websocket-9.0.12.jar;C:\Users\Dell\.m2\repository\org\hibernate\validator\hibernate-validator\6.0.13.Final\hibernate-validator-6.0.13.Final.jar;C:\Users\Dell\.m2\repository\javax\validation\validation-api\2.0.1.Final\validation-api-2.0.1.Final.jar;C:\Users\Dell\.m2\repository\org\jboss\logging\jboss-logging\3.3.2.Final\jboss-logging-3.3.2.Final.jar;C:\Users\Dell\.m2\repository\com\fasterxml\classmate\1.4.0\classmate-1.4.0.jar;C:\Users\Dell\.m2\repository\org\springframework\spring-web\5.1.2.RELEASE\spring-web-5.1.2.RELEASE.jar;C:\Users\Dell\.m2\repository\org\springframework\spring-beans\5.1.2.RELEASE\spring-beans-5.1.2.RELEASE.jar;C:\Users\Dell\.m2\repository\org\springframework\spring-webmvc\5.1.2.RELEASE\spring-webmvc-5.1.2.RELEASE.jar;C:\Users\Dell\.m2\repository\org\springframework\spring-aop\5.1.2.RELEASE\spring-aop-5.1.2.RELEASE.jar;C:\Users\Dell\.m2\repository\org\springframework\spring-context\5.1.2.RELEASE\spring-context-5.1.2.RELEASE.jar;C:\Users\Dell\.m2\repository\org\springframework\spring-expression\5.1.2.RELEASE\spring-expression-5.1.2.RELEASE.jar;C:\Users\Dell\.m2\repository\org\slf4j\slf4j-api\1.7.25\slf4j-api-1.7.25.jar;C:\Users\Dell\.m2\repository\org\springframework\spring-core\5.1.2.RELEASE\spring-core-5.1.2.RELEASE.jar;C:\Users\Dell\.m2\repository\org\springframework\spring-jcl\5.1.2.RELEASE\spring-jcl-5.1.2.RELEASE.jar;C:\Users\Dell\.m2\repository\com\alibaba\boot\dubbo-spring-boot-starter\0.1.0\dubbo-spring-boot-starter-0.1.0.jar;C:\Users\Dell\.m2\repository\com\alibaba\dubbo\2.5.10\dubbo-2.5.10.jar;C:\Users\Dell\.m2\repository\org\javassist\javassist\3.20.0-GA\javassist-3.20.0-GA.jar;C:\Users\Dell\.m2\repository\org\jboss\netty\netty\3.2.5.Final\netty-3.2.5.Final.jar;C:\Users\Dell\.m2\repository\org\apache\zookeeper\zookeeper\3.4.9\zookeeper-3.4.9.jar;C:\Users\Dell\.m2\repository\jline\jline\0.9.94\jline-0.9.94.jar;C:\Users\Dell\.m2\repository\io\netty\netty\3.10.5.Final\netty-3.10.5.Final.jar;C:\Users\Dell\.m2\repository\org\apache\curator\curator-framework\2.12.0\curator-framework-2.12.0.jar;C:\Users\Dell\.m2\repository\org\apache\curator\curator-client\2.12.0\curator-client-2.12.0.jar;C:\Users\Dell\.m2\repository\com\google\guava\guava\16.0.1\guava-16.0.1.jar;C:\Users\Dell\.m2\repository\com\alibaba\boot\dubbo-spring-boot-autoconfigure\0.1.0\dubbo-spring-boot-autoconfigure-0.1.0.jar;C:\Users\Dell\.m2\repository\com\alibaba\boot\dubbo-spring-boot-actuator\0.1.0\dubbo-spring-boot-actuator-0.1.0.jar;C:\Users\Dell\.m2\repository\com\github\sgroschupf\zkclient\0.1\zkclient-0.1.jar;C:\Users\Dell\.m2\repository\log4j\log4j\1.2.14\log4j-1.2.14.jar;C:\Users\Dell\.m2\repository\org\springframework\boot\spring-boot-starter-redis\1.4.7.RELEASE\spring-boot-starter-redis-1.4.7.RELEASE.jar;C:\Users\Dell\.m2\repository\org\springframework\data\spring-data-redis\2.1.2.RELEASE\spring-data-redis-2.1.2.RELEASE.jar;C:\Users\Dell\.m2\repository\org\springframework\data\spring-data-keyvalue\2.1.2.RELEASE\spring-data-keyvalue-2.1.2.RELEASE.jar;C:\Users\Dell\.m2\repository\org\springframework\data\spring-data-commons\2.1.2.RELEASE\spring-data-commons-2.1.2.RELEASE.jar;C:\Users\Dell\.m2\repository\org\springframework\spring-tx\5.1.2.RELEASE\spring-tx-5.1.2.RELEASE.jar;C:\Users\Dell\.m2\repository\org\springframework\spring-oxm\5.1.2.RELEASE\spring-oxm-5.1.2.RELEASE.jar;C:\Users\Dell\.m2\repository\org\springframework\spring-context-support\5.1.2.RELEASE\spring-context-support-5.1.2.RELEASE.jar;C:\Users\Dell\.m2\repository\redis\clients\jedis\2.9.0\jedis-2.9.0.jar;C:\Users\Dell\.m2\repository\org\apache\commons\commons-pool2\2.6.0\commons-pool2-2.6.0.jar;C:\Users\Dell\.m2\repository\org\mybatis\spring\boot\mybatis-spring-boot-starter\1.3.2\mybatis-spring-boot-starter-1.3.2.jar;C:\Users\Dell\.m2\repository\org\springframework\boot\spring-boot-starter-jdbc\2.1.0.RELEASE\spring-boot-starter-jdbc-2.1.0.RELEASE.jar;C:\Users\Dell\.m2\repository\com\zaxxer\HikariCP\3.2.0\HikariCP-3.2.0.jar;C:\Users\Dell\.m2\repository\org\springframework\spring-jdbc\5.1.2.RELEASE\spring-jdbc-5.1.2.RELEASE.jar;C:\Users\Dell\.m2\repository\org\mybatis\spring\boot\mybatis-spring-boot-autoconfigure\1.3.2\mybatis-spring-boot-autoconfigure-1.3.2.jar;C:\Users\Dell\.m2\repository\org\mybatis\mybatis\3.4.6\mybatis-3.4.6.jar;C:\Users\Dell\.m2\repository\org\mybatis\mybatis-spring\1.3.2\mybatis-spring-1.3.2.jar;C:\Users\Dell\.m2\repository\mysql\mysql-connector-java\6.0.4\mysql-connector-java-6.0.4.jar;C:\Users\Dell\.m2\repository\com\github\pagehelper\pagehelper\4.1.4\pagehelper-4.1.4.jar;C:\Users\Dell\.m2\repository\com\github\jsqlparser\jsqlparser\0.9.5\jsqlparser-0.9.5.jar;E:\idea\IntelliJ IDEA 2017.2.3\lib\idea_rt.jar
[2018-11-29 09:20:55.964] [INFO] [product1] [Environment.java:100] Client environment:java.library.path=C:\Program Files\Java\jdk1.8.0_191\bin;C:\windows\Sun\Java\bin;C:\windows\system32;C:\windows;C:\Program Files (x86)\Common Files\Oracle\Java\javapath;C:\windows\system32;C:\windows;C:\windows\System32\Wbem;C:\windows\System32\WindowsPowerShell\v1.0\;C:\Program Files\Java\jdk1.8.0_191\bin;C:\Program Files\Java\jdk1.8.0_191\jre\bin;E:\Git\Git\cmd;.
[2018-11-29 09:20:55.964] [INFO] [product1] [Environment.java:100] Client environment:java.io.tmpdir=C:\Users\LUOYON~1\AppData\Local\Temp\
[2018-11-29 09:20:55.964] [INFO] [product1] [Environment.java:100] Client environment:java.compiler=<NA>
[2018-11-29 09:20:55.964] [INFO] [product1] [Environment.java:100] Client environment:os.name=Windows 7
[2018-11-29 09:20:55.964] [INFO] [product1] [Environment.java:100] Client environment:os.arch=amd64
[2018-11-29 09:20:55.964] [INFO] [product1] [Environment.java:100] Client environment:os.version=6.1
[2018-11-29 09:20:55.964] [INFO] [product1] [Environment.java:100] Client environment:user.name=luoyongxiang
[2018-11-29 09:20:55.964] [INFO] [product1] [Environment.java:100] Client environment:user.home=C:\Users\luoyongxiang
[2018-11-29 09:20:55.964] [INFO] [product1] [Environment.java:100] Client environment:user.dir=F:\product1
[2018-11-29 09:20:55.965] [INFO] [product1] [ZooKeeper.java:438] Initiating client connection, connectString=39.106.211.119:2181 sessionTimeout=30000 watcher=org.I0Itec.zkclient.ZkClient@38f7d521
[2018-11-29 09:20:55.974] [INFO] [product1] [ClientCnxn.java:1032] Opening socket connection to server 39.106.211.119/39.106.211.119:2181. Will not attempt to authenticate using SASL (unknown error)
[2018-11-29 09:20:56.065] [INFO] [product1] [ClientCnxn.java:876] Socket connection established to 39.106.211.119/39.106.211.119:2181, initiating session
[2018-11-29 09:20:56.139] [INFO] [product1] [ClientCnxn.java:1299] Session establishment complete on server 39.106.211.119/39.106.211.119:2181, sessionid = 0x167358e3f94005f, negotiated timeout = 30000
[2018-11-29 09:20:57.239] [INFO] [product1] [DirectJDKLog.java:173] Starting ProtocolHandler ["http-nio-8881"]
[2018-11-29 09:20:57.242] [INFO] [product1] [DirectJDKLog.java:173] Using a shared selector for servlet write/read
[2018-11-29 09:20:57.271] [INFO] [product1] [TomcatWebServer.java:204] Tomcat started on port(s): 8881 (http) with context path ''
[2018-11-29 09:20:57.274] [INFO] [product1] [StartupInfoLogger.java:59] Started Product1Application in 4.745 seconds (JVM running for 5.552)
[2018-11-29 09:21:09.520] [INFO] [product1] [DirectJDKLog.java:173] Initializing Spring DispatcherServlet 'dispatcherServlet'
[2018-11-29 09:21:09.521] [INFO] [product1] [FrameworkServlet.java:521] Initializing Servlet 'dispatcherServlet'
[2018-11-29 09:21:09.538] [INFO] [product1] [FrameworkServlet.java:543] Completed initialization in 17 ms
[2018-11-29 09:21:09.572] [INFO] [product1] [HikariDataSource.java:110] HikariPool-1 - Starting...
[2018-11-29 09:21:10.977] [INFO] [product1] [HikariDataSource.java:123] HikariPool-1 - Start completed.
